[Fri Dec  5 04:49:40 PM EST 2025] [*] Starting file sync...
sending incremental file list

sent 2,144 bytes  received 37 bytes  4,362.00 bytes/sec
total size is 8,223,747  speedup is 3,770.63
[Fri Dec  5 04:49:40 PM EST 2025] [+] File sync complete.
[Fri Dec  5 05:00:00 PM EST 2025] [*] Starting file sync...
sending incremental file list
./
cron-test.txt

sent 2,287 bytes  received 63 bytes  4,700.00 bytes/sec
total size is 8,223,794  speedup is 3,499.49
[Fri Dec  5 05:00:00 PM EST 2025] [+] File sync complete.
[Fri Dec  5 05:05:00 PM EST 2025] [*] Starting file sync...
sending incremental file list

sent 2,186 bytes  received 37 bytes  1,482.00 bytes/sec
total size is 8,223,794  speedup is 3,699.41
[Fri Dec  5 05:05:01 PM EST 2025] [+] File sync complete.
[Fri Dec  5 05:10:00 PM EST 2025] [*] Starting file sync...
sending incremental file list

sent 2,186 bytes  received 37 bytes  4,446.00 bytes/sec
total size is 8,223,794  speedup is 3,699.41
[Fri Dec  5 05:10:00 PM EST 2025] [+] File sync complete.
[Fri Dec  5 05:15:00 PM EST 2025] [*] Starting file sync...
sending incremental file list
./
eval_filesync.txt

sent 2,313 bytes  received 63 bytes  1,584.00 bytes/sec
total size is 8,223,818  speedup is 3,461.20
[Fri Dec  5 05:15:01 PM EST 2025] [+] File sync complete.
[Fri Dec  5 05:20:00 PM EST 2025] [*] Starting file sync...
sending incremental file list

sent 2,235 bytes  received 37 bytes  4,544.00 bytes/sec
total size is 8,223,818  speedup is 3,619.64
[Fri Dec  5 05:20:00 PM EST 2025] [+] File sync complete.
[Fri Dec  5 05:25:00 PM EST 2025] [*] Starting file sync...
sending incremental file list

sent 2,235 bytes  received 37 bytes  1,514.67 bytes/sec
total size is 8,223,818  speedup is 3,619.64
[Fri Dec  5 05:25:01 PM EST 2025] [+] File sync complete.
[Fri Dec  5 05:30:00 PM EST 2025] [*] Starting file sync...
sending incremental file list

sent 2,235 bytes  received 37 bytes  4,544.00 bytes/sec
total size is 8,223,818  speedup is 3,619.64
[Fri Dec  5 05:30:00 PM EST 2025] [+] File sync complete.
[Fri Dec  5 05:35:01 PM EST 2025] [*] Starting file sync...
sending incremental file list

sent 2,235 bytes  received 37 bytes  4,544.00 bytes/sec
total size is 8,223,818  speedup is 3,619.64
[Fri Dec  5 05:35:01 PM EST 2025] [+] File sync complete.
[Fri Dec  5 05:40:00 PM EST 2025] [*] Starting file sync...
sending incremental file list

sent 2,235 bytes  received 37 bytes  4,544.00 bytes/sec
total size is 8,223,818  speedup is 3,619.64
[Fri Dec  5 05:40:00 PM EST 2025] [+] File sync complete.
[Fri Dec  5 05:45:00 PM EST 2025] [*] Starting file sync...
sending incremental file list

sent 2,235 bytes  received 37 bytes  4,544.00 bytes/sec
total size is 8,223,818  speedup is 3,619.64
[Fri Dec  5 05:45:00 PM EST 2025] [+] File sync complete.
[Fri Dec  5 05:50:00 PM EST 2025] [*] Starting file sync...
sending incremental file list

sent 2,235 bytes  received 37 bytes  4,544.00 bytes/sec
total size is 8,223,818  speedup is 3,619.64
[Fri Dec  5 05:50:00 PM EST 2025] [+] File sync complete.
[Fri Dec  5 05:55:00 PM EST 2025] [*] Starting file sync...
sending incremental file list

sent 2,235 bytes  received 37 bytes  4,544.00 bytes/sec
total size is 8,223,818  speedup is 3,619.64
[Fri Dec  5 05:55:00 PM EST 2025] [+] File sync complete.
[Fri Dec  5 06:00:00 PM EST 2025] [*] Starting file sync...
sending incremental file list

sent 2,235 bytes  received 37 bytes  4,544.00 bytes/sec
total size is 8,223,818  speedup is 3,619.64
[Fri Dec  5 06:00:00 PM EST 2025] [+] File sync complete.
[Fri Dec  5 06:05:00 PM EST 2025] [*] Starting file sync...
sending incremental file list

sent 2,235 bytes  received 37 bytes  4,544.00 bytes/sec
total size is 8,223,818  speedup is 3,619.64
[Fri Dec  5 06:05:00 PM EST 2025] [+] File sync complete.
[Fri Dec  5 06:10:00 PM EST 2025] [*] Starting file sync...
sending incremental file list

sent 2,235 bytes  received 37 bytes  4,544.00 bytes/sec
total size is 8,223,818  speedup is 3,619.64
[Fri Dec  5 06:10:00 PM EST 2025] [+] File sync complete.
[Fri Dec  5 06:15:00 PM EST 2025] [*] Starting file sync...
sending incremental file list

sent 2,235 bytes  received 37 bytes  4,544.00 bytes/sec
total size is 8,223,818  speedup is 3,619.64
[Fri Dec  5 06:15:00 PM EST 2025] [+] File sync complete.
[Fri Dec  5 06:20:00 PM EST 2025] [*] Starting file sync...
sending incremental file list

sent 2,235 bytes  received 37 bytes  1,514.67 bytes/sec
total size is 8,223,818  speedup is 3,619.64
[Fri Dec  5 06:20:01 PM EST 2025] [+] File sync complete.
[Fri Dec  5 06:25:00 PM EST 2025] [*] Starting file sync...
sending incremental file list

sent 2,235 bytes  received 37 bytes  4,544.00 bytes/sec
total size is 8,223,818  speedup is 3,619.64
[Fri Dec  5 06:25:00 PM EST 2025] [+] File sync complete.
[Fri Dec  5 06:30:00 PM EST 2025] [*] Starting file sync...
sending incremental file list

sent 2,235 bytes  received 37 bytes  4,544.00 bytes/sec
total size is 8,223,818  speedup is 3,619.64
[Fri Dec  5 06:30:01 PM EST 2025] [+] File sync complete.
[Fri Dec  5 06:35:00 PM EST 2025] [*] Starting file sync...
sending incremental file list

sent 2,235 bytes  received 37 bytes  4,544.00 bytes/sec
total size is 8,223,818  speedup is 3,619.64
[Fri Dec  5 06:35:00 PM EST 2025] [+] File sync complete.
[Fri Dec  5 06:40:00 PM EST 2025] [*] Starting file sync...
sending incremental file list

sent 2,235 bytes  received 37 bytes  4,544.00 bytes/sec
total size is 8,223,818  speedup is 3,619.64
[Fri Dec  5 06:40:00 PM EST 2025] [+] File sync complete.
[Fri Dec  5 06:45:00 PM EST 2025] [*] Starting file sync...
sending incremental file list

sent 2,235 bytes  received 37 bytes  4,544.00 bytes/sec
total size is 8,223,818  speedup is 3,619.64
[Fri Dec  5 06:45:00 PM EST 2025] [+] File sync complete.
[Fri Dec  5 06:50:00 PM EST 2025] [*] Starting file sync...
sending incremental file list

sent 2,235 bytes  received 37 bytes  4,544.00 bytes/sec
total size is 8,223,818  speedup is 3,619.64
[Fri Dec  5 06:50:00 PM EST 2025] [+] File sync complete.
[Fri Dec  5 06:55:00 PM EST 2025] [*] Starting file sync...
sending incremental file list

sent 2,235 bytes  received 37 bytes  4,544.00 bytes/sec
total size is 8,223,818  speedup is 3,619.64
[Fri Dec  5 06:55:00 PM EST 2025] [+] File sync complete.
[Fri Dec  5 07:00:00 PM EST 2025] [*] Starting file sync...
sending incremental file list

sent 2,235 bytes  received 37 bytes  1,514.67 bytes/sec
total size is 8,223,818  speedup is 3,619.64
[Fri Dec  5 07:00:01 PM EST 2025] [+] File sync complete.
[Fri Dec  5 07:05:00 PM EST 2025] [*] Starting file sync...
sending incremental file list

sent 2,235 bytes  received 37 bytes  4,544.00 bytes/sec
total size is 8,223,818  speedup is 3,619.64
[Fri Dec  5 07:05:00 PM EST 2025] [+] File sync complete.
[Fri Dec  5 07:10:00 PM EST 2025] [*] Starting file sync...
sending incremental file list

sent 2,235 bytes  received 37 bytes  1,514.67 bytes/sec
total size is 8,223,818  speedup is 3,619.64
[Fri Dec  5 07:10:01 PM EST 2025] [+] File sync complete.
[Fri Dec  5 07:15:00 PM EST 2025] [*] Starting file sync...
sending incremental file list

sent 2,235 bytes  received 37 bytes  1,514.67 bytes/sec
total size is 8,223,818  speedup is 3,619.64
[Fri Dec  5 07:15:01 PM EST 2025] [+] File sync complete.
[Fri Dec  5 07:20:00 PM EST 2025] [*] Starting file sync...
sending incremental file list

sent 2,235 bytes  received 37 bytes  4,544.00 bytes/sec
total size is 8,223,818  speedup is 3,619.64
[Fri Dec  5 07:20:00 PM EST 2025] [+] File sync complete.
[Fri Dec  5 07:25:00 PM EST 2025] [*] Starting file sync...
sending incremental file list

sent 2,235 bytes  received 37 bytes  1,514.67 bytes/sec
total size is 8,223,818  speedup is 3,619.64
[Fri Dec  5 07:25:01 PM EST 2025] [+] File sync complete.
