[Fri Dec  5 05:00:00 PM EST 2025] [*] Dumping DB on PRIMARY...
/usr/bin/mysqldump: Deprecated program name. It will be removed in a future release, use '/usr/bin/mariadb-dump' instead
[Fri Dec  5 05:00:00 PM EST 2025] [*] Copying dump to BACKUP...
[Fri Dec  5 05:00:00 PM EST 2025] [*] Restoring DB on BACKUP...
[Fri Dec  5 05:00:00 PM EST 2025] [*] Cleaning up local dump...
[Fri Dec  5 05:00:00 PM EST 2025] [+] DB sync complete.
[Fri Dec  5 05:10:00 PM EST 2025] [*] Dumping DB on PRIMARY...
/usr/bin/mysqldump: Deprecated program name. It will be removed in a future release, use '/usr/bin/mariadb-dump' instead
[Fri Dec  5 05:10:00 PM EST 2025] [*] Copying dump to BACKUP...
[Fri Dec  5 05:10:00 PM EST 2025] [*] Restoring DB on BACKUP...
[Fri Dec  5 05:10:00 PM EST 2025] [*] Cleaning up local dump...
[Fri Dec  5 05:10:00 PM EST 2025] [+] DB sync complete.
[Fri Dec  5 05:20:00 PM EST 2025] [*] Dumping DB on PRIMARY...
/usr/bin/mysqldump: Deprecated program name. It will be removed in a future release, use '/usr/bin/mariadb-dump' instead
[Fri Dec  5 05:20:00 PM EST 2025] [*] Copying dump to BACKUP...
[Fri Dec  5 05:20:00 PM EST 2025] [*] Restoring DB on BACKUP...
[Fri Dec  5 05:20:00 PM EST 2025] [*] Cleaning up local dump...
[Fri Dec  5 05:20:00 PM EST 2025] [+] DB sync complete.
[Fri Dec  5 05:30:00 PM EST 2025] [*] Dumping DB on PRIMARY...
/usr/bin/mysqldump: Deprecated program name. It will be removed in a future release, use '/usr/bin/mariadb-dump' instead
[Fri Dec  5 05:30:00 PM EST 2025] [*] Copying dump to BACKUP...
[Fri Dec  5 05:30:00 PM EST 2025] [*] Restoring DB on BACKUP...
[Fri Dec  5 05:30:00 PM EST 2025] [*] Cleaning up local dump...
[Fri Dec  5 05:30:00 PM EST 2025] [+] DB sync complete.
[Fri Dec  5 05:40:00 PM EST 2025] [*] Dumping DB on PRIMARY...
/usr/bin/mysqldump: Deprecated program name. It will be removed in a future release, use '/usr/bin/mariadb-dump' instead
[Fri Dec  5 05:40:00 PM EST 2025] [*] Copying dump to BACKUP...
[Fri Dec  5 05:40:00 PM EST 2025] [*] Restoring DB on BACKUP...
[Fri Dec  5 05:40:01 PM EST 2025] [*] Cleaning up local dump...
[Fri Dec  5 05:40:01 PM EST 2025] [+] DB sync complete.
[Fri Dec  5 05:50:00 PM EST 2025] [*] Dumping DB on PRIMARY...
/usr/bin/mysqldump: Deprecated program name. It will be removed in a future release, use '/usr/bin/mariadb-dump' instead
[Fri Dec  5 05:50:00 PM EST 2025] [*] Copying dump to BACKUP...
[Fri Dec  5 05:50:00 PM EST 2025] [*] Restoring DB on BACKUP...
[Fri Dec  5 05:50:01 PM EST 2025] [*] Cleaning up local dump...
[Fri Dec  5 05:50:01 PM EST 2025] [+] DB sync complete.
[Fri Dec  5 06:00:00 PM EST 2025] [*] Dumping DB on PRIMARY...
/usr/bin/mysqldump: Deprecated program name. It will be removed in a future release, use '/usr/bin/mariadb-dump' instead
[Fri Dec  5 06:00:00 PM EST 2025] [*] Copying dump to BACKUP...
[Fri Dec  5 06:00:00 PM EST 2025] [*] Restoring DB on BACKUP...
[Fri Dec  5 06:00:01 PM EST 2025] [*] Cleaning up local dump...
[Fri Dec  5 06:00:01 PM EST 2025] [+] DB sync complete.
[Fri Dec  5 06:10:00 PM EST 2025] [*] Dumping DB on PRIMARY...
/usr/bin/mysqldump: Deprecated program name. It will be removed in a future release, use '/usr/bin/mariadb-dump' instead
[Fri Dec  5 06:10:00 PM EST 2025] [*] Copying dump to BACKUP...
[Fri Dec  5 06:10:00 PM EST 2025] [*] Restoring DB on BACKUP...
[Fri Dec  5 06:10:01 PM EST 2025] [*] Cleaning up local dump...
[Fri Dec  5 06:10:01 PM EST 2025] [+] DB sync complete.
[Fri Dec  5 06:20:00 PM EST 2025] [*] Dumping DB on PRIMARY...
/usr/bin/mysqldump: Deprecated program name. It will be removed in a future release, use '/usr/bin/mariadb-dump' instead
[Fri Dec  5 06:20:00 PM EST 2025] [*] Copying dump to BACKUP...
[Fri Dec  5 06:20:01 PM EST 2025] [*] Restoring DB on BACKUP...
[Fri Dec  5 06:20:01 PM EST 2025] [*] Cleaning up local dump...
[Fri Dec  5 06:20:01 PM EST 2025] [+] DB sync complete.
[Fri Dec  5 06:30:00 PM EST 2025] [*] Dumping DB on PRIMARY...
/usr/bin/mysqldump: Deprecated program name. It will be removed in a future release, use '/usr/bin/mariadb-dump' instead
[Fri Dec  5 06:30:00 PM EST 2025] [*] Copying dump to BACKUP...
[Fri Dec  5 06:30:01 PM EST 2025] [*] Restoring DB on BACKUP...
[Fri Dec  5 06:30:01 PM EST 2025] [*] Cleaning up local dump...
[Fri Dec  5 06:30:01 PM EST 2025] [+] DB sync complete.
[Fri Dec  5 06:40:00 PM EST 2025] [*] Dumping DB on PRIMARY...
/usr/bin/mysqldump: Deprecated program name. It will be removed in a future release, use '/usr/bin/mariadb-dump' instead
[Fri Dec  5 06:40:00 PM EST 2025] [*] Copying dump to BACKUP...
[Fri Dec  5 06:40:00 PM EST 2025] [*] Restoring DB on BACKUP...
[Fri Dec  5 06:40:01 PM EST 2025] [*] Cleaning up local dump...
[Fri Dec  5 06:40:01 PM EST 2025] [+] DB sync complete.
[Fri Dec  5 06:50:00 PM EST 2025] [*] Dumping DB on PRIMARY...
/usr/bin/mysqldump: Deprecated program name. It will be removed in a future release, use '/usr/bin/mariadb-dump' instead
[Fri Dec  5 06:50:00 PM EST 2025] [*] Copying dump to BACKUP...
[Fri Dec  5 06:50:01 PM EST 2025] [*] Restoring DB on BACKUP...
[Fri Dec  5 06:50:01 PM EST 2025] [*] Cleaning up local dump...
[Fri Dec  5 06:50:01 PM EST 2025] [+] DB sync complete.
[Fri Dec  5 07:00:00 PM EST 2025] [*] Dumping DB on PRIMARY...
/usr/bin/mysqldump: Deprecated program name. It will be removed in a future release, use '/usr/bin/mariadb-dump' instead
[Fri Dec  5 07:00:00 PM EST 2025] [*] Copying dump to BACKUP...
[Fri Dec  5 07:00:01 PM EST 2025] [*] Restoring DB on BACKUP...
[Fri Dec  5 07:00:01 PM EST 2025] [*] Cleaning up local dump...
[Fri Dec  5 07:00:01 PM EST 2025] [+] DB sync complete.
[Fri Dec  5 07:10:00 PM EST 2025] [*] Dumping DB on PRIMARY...
/usr/bin/mysqldump: Deprecated program name. It will be removed in a future release, use '/usr/bin/mariadb-dump' instead
[Fri Dec  5 07:10:01 PM EST 2025] [*] Copying dump to BACKUP...
[Fri Dec  5 07:10:01 PM EST 2025] [*] Restoring DB on BACKUP...
[Fri Dec  5 07:10:01 PM EST 2025] [*] Cleaning up local dump...
[Fri Dec  5 07:10:01 PM EST 2025] [+] DB sync complete.
[Fri Dec  5 07:20:00 PM EST 2025] [*] Dumping DB on PRIMARY...
/usr/bin/mysqldump: Deprecated program name. It will be removed in a future release, use '/usr/bin/mariadb-dump' instead
[Fri Dec  5 07:20:00 PM EST 2025] [*] Copying dump to BACKUP...
[Fri Dec  5 07:20:00 PM EST 2025] [*] Restoring DB on BACKUP...
[Fri Dec  5 07:20:00 PM EST 2025] [*] Cleaning up local dump...
[Fri Dec  5 07:20:00 PM EST 2025] [+] DB sync complete.
